<?xml version="1.0" encoding="UTF-8"?>
<!-- Generated by org.testng.reporters.JUnitReportReporter -->
<testsuite hostname="TEREFECPC" name="org.myFirstSeleniumProject.TestNgAnnotations" tests="2" failures="0" timestamp="25 Mar 2017 00:11:37 GMT" time="29.177" errors="0">
  <testcase name="verifyLandingPage" time="20.959" classname="org.myFirstSeleniumProject.TestNgAnnotations"/>
  <testcase name="verifyLoginPage" time="8.218" classname="org.myFirstSeleniumProject.TestNgAnnotations"/>
</testsuite> <!-- org.myFirstSeleniumProject.TestNgAnnotations -->
