<?xml version="1.0" encoding="UTF-8"?>
<!-- Generated by org.testng.reporters.JUnitReportReporter -->
<testsuite hostname="TEREFECPC" name="org.myFirstSeleniumProject.TestNgExamples" tests="1" failures="0" timestamp="23 Mar 2017 00:22:12 GMT" time="34.284" errors="0">
  <testcase name="verification" time="34.284" classname="org.myFirstSeleniumProject.TestNgExamples"/>
</testsuite> <!-- org.myFirstSeleniumProject.TestNgExamples -->
